

Microchip MPLAB XC8 Assembler V2.05 build -831301201 
                                                                                               Mon Jul 15 17:40:24 2019

Microchip MPLAB XC8 C Compiler v2.05 (Free license) build 20181220022703 Og1 
     1                           	processor	18F4550
     2                           	fnconf	rparam,??,?,0
     3                           	opt	pw 120
     4                           	opt	flic
     5                           	psect	cinit,global,reloc=2,class=CODE,delta=1
     6                           	psect	cstackCOMRAM,global,class=COMRAM,space=1,delta=1,noexec
     7                           	psect	text0,global,reloc=2,class=CODE,delta=1
     8                           	psect	intsave_regs,global,class=BIGRAM,space=1,delta=1,noexec
     9                           	psect	rparam,global,class=COMRAM,space=1,delta=1,noexec
    10  0000                     
    11                           ; Version 2.05
    12                           ; Generated 20/12/2018 GMT
    13                           ; 
    14                           ; Copyright © 2018, Microchip Technology Inc. and its subsidiaries ("Microchip")
    15                           ; All rights reserved.
    16                           ; 
    17                           ; This software is developed by Microchip Technology Inc. and its subsidiaries ("Microch
      +                          ip").
    18                           ; 
    19                           ; Redistribution and use in source and binary forms, with or without modification, are
    20                           ; permitted provided that the following conditions are met:
    21                           ; 
    22                           ;     1. Redistributions of source code must retain the above copyright notice, this lis
      +                          t of
    23                           ;        conditions and the following disclaimer.
    24                           ; 
    25                           ;     2. Redistributions in binary form must reproduce the above copyright notice, this 
      +                          list
    26                           ;        of conditions and the following disclaimer in the documentation and/or other
    27                           ;        materials provided with the distribution.
    28                           ; 
    29                           ;     3. Microchip's name may not be used to endorse or promote products derived from th
      +                          is
    30                           ;        software without specific prior written permission.
    31                           ; 
    32                           ; THIS SOFTWARE IS PROVIDED BY MICROCHIP "AS IS" AND ANY EXPRESS OR IMPLIED WARRANTIES,
    33                           ; INCLUDING, BUT NOT LIMITED TO, THE IMPLIED WARRANTIES OF MERCHANTABILITY AND FITNESS F
      +                          OR
    34                           ; PURPOSE ARE DISCLAIMED.  IN NO EVENT SHALL MICROCHIP BE LIABLE FOR ANY DIRECT, INDIREC
      +                          T,
    35                           ; INCIDENTAL, SPECIAL, EXEMPLARY, OR CONSEQUENTIAL DAMAGES (INCLUDING BUT NOT LIMITED TO
    36                           ; PROCUREMENT OF SUBSTITUTE GOODS OR SERVICES; LOSS OF USE, DATA OR PROFITS; OR BUSINESS
    37                           ; INTERRUPTION) HOWSOEVER CAUSED AND ON ANY THEORY OF LIABILITY, WHETHER IN CONTRACT, ST
      +                          RICT
    38                           ; LIABILITY, OR TORT (INCLUDING NEGLIGENCE OR OTHERWISE) ARISING IN ANY WAY OUT OF THE U
      +                          SE OF
    39                           ; THIS SOFTWARE, EVEN IF ADVISED OF THE POSSIBILITY OF SUCH DAMAGE.
    40                           ; 
    41                           ; 
    42                           ; Code-generator required, PIC18F4550 Definitions
    43                           ; 
    44                           ; SFR Addresses
    45  0000                     _LATD	set	3980
    46  0000                     _TRISD	set	3989
    47                           
    48                           ; #config settings
    49                           
    50                           	psect	cinit
    51  007FC0                     __pcinit:
    52                           	opt callstack 0
    53  007FC0                     start_initialization:
    54                           	opt callstack 0
    55  007FC0                     __initialization:
    56                           	opt callstack 0
    57  007FC0                     end_of_initialization:
    58                           	opt callstack 0
    59  007FC0                     __end_of__initialization:
    60                           	opt callstack 0
    61  007FC0  0100               	movlb	0
    62  007FC2  EFE3  F03F         	goto	_main	;jump to C main() function
    63                           
    64                           	psect	cstackCOMRAM
    65  000001                     __pcstackCOMRAM:
    66                           	opt callstack 0
    67  000001                     ??_main:
    68                           
    69                           ; 1 bytes @ 0x0
    70  000001                     	ds	2
    71                           
    72 ;;
    73 ;;Main: autosize = 0, tempsize = 2, incstack = 0, save=0
    74 ;;
    75 ;; *************** function _main *****************
    76 ;; Defined at:
    77 ;;		line 4 in file "main.c"
    78 ;; Parameters:    Size  Location     Type
    79 ;;		None
    80 ;; Auto vars:     Size  Location     Type
    81 ;;		None
    82 ;; Return value:  Size  Location     Type
    83 ;;                  1    wreg      void 
    84 ;; Registers used:
    85 ;;		wreg, status,2
    86 ;; Tracked objects:
    87 ;;		On entry : 0/0
    88 ;;		On exit  : 0/0
    89 ;;		Unchanged: 0/0
    90 ;; Data sizes:     COMRAM   BANK0   BANK1   BANK2   BANK3   BANK4   BANK5   BANK6   BANK7
    91 ;;      Params:         0       0       0       0       0       0       0       0       0
    92 ;;      Locals:         0       0       0       0       0       0       0       0       0
    93 ;;      Temps:          2       0       0       0       0       0       0       0       0
    94 ;;      Totals:         2       0       0       0       0       0       0       0       0
    95 ;;Total ram usage:        2 bytes
    96 ;; This function calls:
    97 ;;		Nothing
    98 ;; This function is called by:
    99 ;;		Startup code after reset
   100 ;; This function uses a non-reentrant model
   101 ;;
   102                           
   103                           	psect	text0
   104  007FC6                     __ptext0:
   105                           	opt callstack 0
   106  007FC6                     _main:
   107                           	opt callstack 31
   108                           
   109                           ;main.c: 6:     TRISD= 0;
   110                           
   111                           ;incstack = 0
   112  007FC6  0E00               	movlw	0
   113  007FC8  6E95               	movwf	3989,c	;volatile
   114  007FCA                     l11:
   115                           
   116                           ;main.c: 8:     {;main.c: 9:     LATD= 1;
   117  007FCA  0E01               	movlw	1
   118  007FCC  6E8C               	movwf	3980,c	;volatile
   119                           
   120                           ;main.c: 10:     _delay((unsigned long)((1000)*(8000000/4000.0)));
   121  007FCE  0E0B               	movlw	11
   122  007FD0  6E02               	movwf	(??_main+1)& (0+255),c
   123  007FD2  0E26               	movlw	38
   124  007FD4  6E01               	movwf	??_main& (0+255),c
   125  007FD6  0E5E               	movlw	94
   126  007FD8                     u17:
   127  007FD8  2EE8               	decfsz	wreg,f,c
   128  007FDA  D7FE               	bra	u17
   129  007FDC  2E01               	decfsz	??_main& (0+255),f,c
   130  007FDE  D7FC               	bra	u17
   131  007FE0  2E02               	decfsz	(??_main+1)& (0+255),f,c
   132  007FE2  D7FA               	bra	u17
   133                           
   134                           ;main.c: 11:     LATD= 0;
   135  007FE4  0E00               	movlw	0
   136  007FE6  6E8C               	movwf	3980,c	;volatile
   137                           
   138                           ;main.c: 12:     _delay((unsigned long)((1000)*(8000000/4000.0)));
   139  007FE8  0E0B               	movlw	11
   140  007FEA  6E02               	movwf	(??_main+1)& (0+255),c
   141  007FEC  0E26               	movlw	38
   142  007FEE  6E01               	movwf	??_main& (0+255),c
   143  007FF0  0E5E               	movlw	94
   144  007FF2                     u27:
   145  007FF2  2EE8               	decfsz	wreg,f,c
   146  007FF4  D7FE               	bra	u27
   147  007FF6  2E01               	decfsz	??_main& (0+255),f,c
   148  007FF8  D7FC               	bra	u27
   149  007FFA  2E02               	decfsz	(??_main+1)& (0+255),f,c
   150  007FFC  D7FA               	bra	u27
   151  007FFE  D7E5               	goto	l11
   152  008000                     __end_of_main:
   153                           	opt callstack 0
   154  0000                     
   155                           	psect	rparam
   156  0000                     tosu	equ	0xFFF
   157                           tosh	equ	0xFFE
   158                           tosl	equ	0xFFD
   159                           stkptr	equ	0xFFC
   160                           pclatu	equ	0xFFB
   161                           pclath	equ	0xFFA
   162                           pcl	equ	0xFF9
   163                           tblptru	equ	0xFF8
   164                           tblptrh	equ	0xFF7
   165                           tblptrl	equ	0xFF6
   166                           tablat	equ	0xFF5
   167                           prodh	equ	0xFF4
   168                           prodl	equ	0xFF3
   169                           indf0	equ	0xFEF
   170                           postinc0	equ	0xFEE
   171                           postdec0	equ	0xFED
   172                           preinc0	equ	0xFEC
   173                           plusw0	equ	0xFEB
   174                           fsr0h	equ	0xFEA
   175                           fsr0l	equ	0xFE9
   176                           wreg	equ	0xFE8
   177                           indf1	equ	0xFE7
   178                           postinc1	equ	0xFE6
   179                           postdec1	equ	0xFE5
   180                           preinc1	equ	0xFE4
   181                           plusw1	equ	0xFE3
   182                           fsr1h	equ	0xFE2
   183                           fsr1l	equ	0xFE1
   184                           bsr	equ	0xFE0
   185                           indf2	equ	0xFDF
   186                           postinc2	equ	0xFDE
   187                           postdec2	equ	0xFDD
   188                           preinc2	equ	0xFDC
   189                           plusw2	equ	0xFDB
   190                           fsr2h	equ	0xFDA
   191                           fsr2l	equ	0xFD9
   192                           status	equ	0xFD8


Data Sizes:
    Strings     0
    Constant    0
    Data        0
    BSS         0
    Persistent  0
    Stack       0

Auto Spaces:
    Space          Size  Autos    Used
    COMRAM           95      2       2
    BANK0           160      0       0
    BANK1           256      0       0
    BANK2           256      0       0
    BANK3           256      0       0
    BANK4           256      0       0
    BANK5           256      0       0
    BANK6           256      0       0
    BANK7           256      0       0

Pointer List with Targets:

    None.

Critical Paths under _main in COMRAM

    None.

Critical Paths under _main in BANK0

    None.

Critical Paths under _main in BANK1

    None.

Critical Paths under _main in BANK2

    None.

Critical Paths under _main in BANK3

    None.

Critical Paths under _main in BANK4

    None.

Critical Paths under _main in BANK5

    None.

Critical Paths under _main in BANK6

    None.

Critical Paths under _main in BANK7

    None.

Call Graph Tables:

 ---------------------------------------------------------------------------------
 (Depth) Function   	        Calls       Base Space   Used Autos Params    Refs
 ---------------------------------------------------------------------------------
 (0) _main                                                 2     2      0       0
                                              0 COMRAM     2     2      0
 ---------------------------------------------------------------------------------
 Estimated maximum stack depth 0
 ---------------------------------------------------------------------------------

 Call Graph Graphs:

 _main (ROOT)

 Address spaces:
Name               Size   Autos  Total    Cost      Usage
BITCOMRAM           5F      0       0       0        0.0%
EEDATA             100      0       0       0        0.0%
NULL                 0      0       0       0        0.0%
CODE                 0      0       0       0        0.0%
COMRAM              5F      2       2       1        2.1%
STACK                0      0       0       2        0.0%
DATA                 0      0       0       3        0.0%
BITBANK0            A0      0       0       4        0.0%
BANK0               A0      0       0       5        0.0%
BITBANK1           100      0       0       6        0.0%
BANK1              100      0       0       7        0.0%
BITBANK2           100      0       0       8        0.0%
BANK2              100      0       0       9        0.0%
BITBANK3           100      0       0      10        0.0%
BANK3              100      0       0      11        0.0%
BITBANK4           100      0       0      12        0.0%
BANK4              100      0       0      13        0.0%
BITBANK5           100      0       0      14        0.0%
BANK5              100      0       0      15        0.0%
BITBANK6           100      0       0      16        0.0%
BANK6              100      0       0      17        0.0%
BITBANK7           100      0       0      18        0.0%
BANK7              100      0       0      19        0.0%
ABS                  0      0       0      20        0.0%
BIGRAM             7FF      0       0      21        0.0%
BITSFR               0      0       0     200        0.0%
SFR                  0      0       0     200        0.0%


Microchip Technology PIC18 Macro Assembler V2.05 build -831301201 
Symbol Table                                                                                   Mon Jul 15 17:40:24 2019

                     l11 7FCA                       u17 7FD8                       u27 7FF2  
                    wreg 000FE8                     _LATD 000F8C                     _main 7FC6  
                   start 0000             ___param_bank 000000                    ?_main 0001  
                  _TRISD 000F95          __initialization 7FC0             __end_of_main 8000  
                 ??_main 0001            __activetblptr 000000               __accesstop 0060  
__end_of__initialization 7FC0            ___rparam_used 000001           __pcstackCOMRAM 0001  
                __Hparam 0000                  __Lparam 0000                  __pcinit 7FC0  
                __ramtop 0800                  __ptext0 7FC6     end_of_initialization 7FC0  
    start_initialization 7FC0                 __Hrparam 0000                 __Lrparam 0000  
          __size_of_main 003A  
