

Microchip MPLAB XC8 Assembler V2.05 build -831301201 
                                                                                               Fri Jul 19 13:57:26 2019

Microchip MPLAB XC8 C Compiler v2.05 (Free license) build 20181220022703 Og1 
     1                           	processor	18F4550
     2                           	fnconf	rparam,??,?,0
     3                           	opt	pw 120
     4                           	opt	flic
     5                           	psect	cinit,global,reloc=2,class=CODE,delta=1
     6                           	psect	cstackCOMRAM,global,class=COMRAM,space=1,delta=1,noexec
     7                           	psect	text0,global,reloc=2,class=CODE,delta=1
     8                           	psect	intsave_regs,global,class=BIGRAM,space=1,delta=1,noexec
     9                           	psect	rparam,global,class=COMRAM,space=1,delta=1,noexec
    10  0000                     
    11                           ; Version 2.05
    12                           ; Generated 20/12/2018 GMT
    13                           ; 
    14                           ; Copyright © 2018, Microchip Technology Inc. and its subsidiaries ("Microchip")
    15                           ; All rights reserved.
    16                           ; 
    17                           ; This software is developed by Microchip Technology Inc. and its subsidiaries ("Microch
      +                          ip").
    18                           ; 
    19                           ; Redistribution and use in source and binary forms, with or without modification, are
    20                           ; permitted provided that the following conditions are met:
    21                           ; 
    22                           ;     1. Redistributions of source code must retain the above copyright notice, this lis
      +                          t of
    23                           ;        conditions and the following disclaimer.
    24                           ; 
    25                           ;     2. Redistributions in binary form must reproduce the above copyright notice, this 
      +                          list
    26                           ;        of conditions and the following disclaimer in the documentation and/or other
    27                           ;        materials provided with the distribution.
    28                           ; 
    29                           ;     3. Microchip's name may not be used to endorse or promote products derived from th
      +                          is
    30                           ;        software without specific prior written permission.
    31                           ; 
    32                           ; THIS SOFTWARE IS PROVIDED BY MICROCHIP "AS IS" AND ANY EXPRESS OR IMPLIED WARRANTIES,
    33                           ; INCLUDING, BUT NOT LIMITED TO, THE IMPLIED WARRANTIES OF MERCHANTABILITY AND FITNESS F
      +                          OR
    34                           ; PURPOSE ARE DISCLAIMED.  IN NO EVENT SHALL MICROCHIP BE LIABLE FOR ANY DIRECT, INDIREC
      +                          T,
    35                           ; INCIDENTAL, SPECIAL, EXEMPLARY, OR CONSEQUENTIAL DAMAGES (INCLUDING BUT NOT LIMITED TO
    36                           ; PROCUREMENT OF SUBSTITUTE GOODS OR SERVICES; LOSS OF USE, DATA OR PROFITS; OR BUSINESS
    37                           ; INTERRUPTION) HOWSOEVER CAUSED AND ON ANY THEORY OF LIABILITY, WHETHER IN CONTRACT, ST
      +                          RICT
    38                           ; LIABILITY, OR TORT (INCLUDING NEGLIGENCE OR OTHERWISE) ARISING IN ANY WAY OUT OF THE U
      +                          SE OF
    39                           ; THIS SOFTWARE, EVEN IF ADVISED OF THE POSSIBILITY OF SUCH DAMAGE.
    40                           ; 
    41                           ; 
    42                           ; Code-generator required, PIC18F4550 Definitions
    43                           ; 
    44                           ; SFR Addresses
    45  0000                     _LATBbits	set	3978
    46  0000                     _PORTDbits	set	3971
    47  0000                     _TRISD1	set	31913
    48  0000                     _TRISD0	set	31912
    49  0000                     _TRISB0	set	31896
    50                           
    51                           ; #config settings
    52                           
    53                           	psect	cinit
    54  007FE6                     __pcinit:
    55                           	opt callstack 0
    56  007FE6                     start_initialization:
    57                           	opt callstack 0
    58  007FE6                     __initialization:
    59                           	opt callstack 0
    60  007FE6                     end_of_initialization:
    61                           	opt callstack 0
    62  007FE6                     __end_of__initialization:
    63                           	opt callstack 0
    64  007FE6  0100               	movlb	0
    65  007FE8  EFF6  F03F         	goto	_main	;jump to C main() function
    66                           
    67                           	psect	cstackCOMRAM
    68  000000                     __pcstackCOMRAM:
    69                           	opt callstack 0
    70  000000                     
    71                           ; 2 bytes @ 0x0
    72 ;;
    73 ;;Main: autosize = 0, tempsize = 0, incstack = 0, save=0
    74 ;;
    75 ;; *************** function _main *****************
    76 ;; Defined at:
    77 ;;		line 3 in file "main.c"
    78 ;; Parameters:    Size  Location     Type
    79 ;;		None
    80 ;; Auto vars:     Size  Location     Type
    81 ;;		None
    82 ;; Return value:  Size  Location     Type
    83 ;;                  2   14[None  ] int 
    84 ;; Registers used:
    85 ;;		None
    86 ;; Tracked objects:
    87 ;;		On entry : 0/0
    88 ;;		On exit  : 0/0
    89 ;;		Unchanged: 0/0
    90 ;; Data sizes:     COMRAM   BANK0   BANK1   BANK2   BANK3   BANK4   BANK5   BANK6   BANK7
    91 ;;      Params:         0       0       0       0       0       0       0       0       0
    92 ;;      Locals:         0       0       0       0       0       0       0       0       0
    93 ;;      Temps:          0       0       0       0       0       0       0       0       0
    94 ;;      Totals:         0       0       0       0       0       0       0       0       0
    95 ;;Total ram usage:        0 bytes
    96 ;; This function calls:
    97 ;;		Nothing
    98 ;; This function is called by:
    99 ;;		Startup code after reset
   100 ;; This function uses a non-reentrant model
   101 ;;
   102                           
   103                           	psect	text0
   104  007FEC                     __ptext0:
   105                           	opt callstack 0
   106  007FEC                     _main:
   107                           	opt callstack 31
   108                           
   109                           ;main.c: 5:   TRISB0 = 0;
   110                           
   111                           ;incstack = 0
   112  007FEC  9093               	bcf	3987,0,c	;volatile
   113                           
   114                           ;main.c: 6:   TRISD0 = 1;
   115  007FEE  8095               	bsf	3989,0,c	;volatile
   116                           
   117                           ;main.c: 7:   TRISD1 = 1;
   118  007FF0  8295               	bsf	3989,1,c	;volatile
   119  007FF2                     l15:
   120                           
   121                           ;main.c: 11:   {;main.c: 12:     if((PORTDbits.RD0== 1)&&(PORTDbits.RD1 == 1))
   122  007FF2  B083               	btfsc	3971,0,c	;volatile
   123  007FF4  A283               	btfss	3971,1,c	;volatile
   124  007FF6  D002               	goto	l16
   125                           
   126                           ;main.c: 13:     {;main.c: 14:       LATBbits.LATB0 = 1;
   127  007FF8  808A               	bsf	3978,0,c	;volatile
   128                           
   129                           ;main.c: 15:     }
   130  007FFA  D7FB               	goto	l15
   131  007FFC                     l16:
   132                           
   133                           ;main.c: 17:     {;main.c: 18:       LATBbits.LATB0 = 0;
   134  007FFC  908A               	bcf	3978,0,c	;volatile
   135  007FFE  D7F9               	goto	l15
   136  008000                     __end_of_main:
   137                           	opt callstack 0
   138  0000                     
   139                           	psect	rparam
   140  0000                     tosu	equ	0xFFF
   141                           tosh	equ	0xFFE
   142                           tosl	equ	0xFFD
   143                           stkptr	equ	0xFFC
   144                           pclatu	equ	0xFFB
   145                           pclath	equ	0xFFA
   146                           pcl	equ	0xFF9
   147                           tblptru	equ	0xFF8
   148                           tblptrh	equ	0xFF7
   149                           tblptrl	equ	0xFF6
   150                           tablat	equ	0xFF5
   151                           prodh	equ	0xFF4
   152                           prodl	equ	0xFF3
   153                           indf0	equ	0xFEF
   154                           postinc0	equ	0xFEE
   155                           postdec0	equ	0xFED
   156                           preinc0	equ	0xFEC
   157                           plusw0	equ	0xFEB
   158                           fsr0h	equ	0xFEA
   159                           fsr0l	equ	0xFE9
   160                           wreg	equ	0xFE8
   161                           indf1	equ	0xFE7
   162                           postinc1	equ	0xFE6
   163                           postdec1	equ	0xFE5
   164                           preinc1	equ	0xFE4
   165                           plusw1	equ	0xFE3
   166                           fsr1h	equ	0xFE2
   167                           fsr1l	equ	0xFE1
   168                           bsr	equ	0xFE0
   169                           indf2	equ	0xFDF
   170                           postinc2	equ	0xFDE
   171                           postdec2	equ	0xFDD
   172                           preinc2	equ	0xFDC
   173                           plusw2	equ	0xFDB
   174                           fsr2h	equ	0xFDA
   175                           fsr2l	equ	0xFD9
   176                           status	equ	0xFD8


Data Sizes:
    Strings     0
    Constant    0
    Data        0
    BSS         0
    Persistent  0
    Stack       0

Auto Spaces:
    Space          Size  Autos    Used
    COMRAM           95      0       0
    BANK0           160      0       0
    BANK1           256      0       0
    BANK2           256      0       0
    BANK3           256      0       0
    BANK4           256      0       0
    BANK5           256      0       0
    BANK6           256      0       0
    BANK7           256      0       0

Pointer List with Targets:

    None.

Critical Paths under _main in COMRAM

    None.

Critical Paths under _main in BANK0

    None.

Critical Paths under _main in BANK1

    None.

Critical Paths under _main in BANK2

    None.

Critical Paths under _main in BANK3

    None.

Critical Paths under _main in BANK4

    None.

Critical Paths under _main in BANK5

    None.

Critical Paths under _main in BANK6

    None.

Critical Paths under _main in BANK7

    None.

Call Graph Tables:

 ---------------------------------------------------------------------------------
 (Depth) Function   	        Calls       Base Space   Used Autos Params    Refs
 ---------------------------------------------------------------------------------
 (0) _main                                                 0     0      0       0
 ---------------------------------------------------------------------------------
 Estimated maximum stack depth 0
 ---------------------------------------------------------------------------------

 Call Graph Graphs:

 _main (ROOT)

 Address spaces:
Name               Size   Autos  Total    Cost      Usage
BITCOMRAM           5F      0       0       0        0.0%
EEDATA             100      0       0       0        0.0%
NULL                 0      0       0       0        0.0%
CODE                 0      0       0       0        0.0%
COMRAM              5F      0       0       1        0.0%
STACK                0      0       0       2        0.0%
DATA                 0      0       0       3        0.0%
BITBANK0            A0      0       0       4        0.0%
BANK0               A0      0       0       5        0.0%
BITBANK1           100      0       0       6        0.0%
BANK1              100      0       0       7        0.0%
BITBANK2           100      0       0       8        0.0%
BANK2              100      0       0       9        0.0%
BITBANK3           100      0       0      10        0.0%
BANK3              100      0       0      11        0.0%
BITBANK4           100      0       0      12        0.0%
BANK4              100      0       0      13        0.0%
BITBANK5           100      0       0      14        0.0%
BANK5              100      0       0      15        0.0%
BITBANK6           100      0       0      16        0.0%
BANK6              100      0       0      17        0.0%
BITBANK7           100      0       0      18        0.0%
BANK7              100      0       0      19        0.0%
ABS                  0      0       0      20        0.0%
BIGRAM             7FF      0       0      21        0.0%
BITSFR               0      0       0     200        0.0%
SFR                  0      0       0     200        0.0%


Microchip Technology PIC18 Macro Assembler V2.05 build -831301201 
Symbol Table                                                                                   Fri Jul 19 13:57:26 2019

                     l15 7FF2                       l16 7FFC                     _main 7FEC  
                   start 0000             ___param_bank 000000                    ?_main 0000  
        __initialization 7FE6             __end_of_main 8000                   ??_main 0000  
          __activetblptr 000000                   _TRISB0 007C98                   _TRISD0 007CA8  
                 _TRISD1 007CA9               __accesstop 0060  __end_of__initialization 7FE6  
          ___rparam_used 000001           __pcstackCOMRAM 0000                  __Hparam 0000  
                __Lparam 0000                  __pcinit 7FE6                  __ramtop 0800  
                __ptext0 7FEC     end_of_initialization 7FE6                _PORTDbits 000F83  
    start_initialization 7FE6                 _LATBbits 000F8A                 __Hrparam 0000  
               __Lrparam 0000            __size_of_main 0014  
